INFO     : 2012-09-07 15:02:00,230 : foo        : test
DEBUG    : 2012-09-07 15:02:00,231 : main       : /Users/massimodipierro/Dropbox/web2py/temps
DEBUG    : 2012-09-07 15:02:00,237 : runCmd     : Running: echo 'bye'
INFO     : 2012-09-07 15:02:00,242 : main       : bye
DEBUG    : 2012-09-07 15:02:00,244 : runCmd     : Return Value: 0
DEBUG    : 2012-09-07 15:02:00,251 : runCmd     : Running: /usr/bin/false
CRITICAL : 2012-09-07 15:02:00,278 : runCmd     : Return Value: 1
DEBUG    : 2012-09-07 15:02:00,290 : runCmd     : Running: ls -l; sleep 5; echo 'hi!'; sleep 5; ls -l
INFO     : 2012-09-07 15:02:00,398 : main       : total 176
INFO     : 2012-09-07 15:02:00,401 : main       : -rw-r--r--  1 massimodipierro  staff    31 Aug 26 22:53 benchmark.py
INFO     : 2012-09-07 15:02:00,402 : main       : -rw-r--r--  1 massimodipierro  staff   379 Aug 28 17:31 check.py
INFO     : 2012-09-07 15:02:00,403 : main       : -rw-r--r--  1 massimodipierro  staff   220 Sep  2 12:08 compile_rotator.py
INFO     : 2012-09-07 15:02:00,403 : main       : -rw-r--r--  1 massimodipierro  staff  3135 Aug 29 17:20 cookies.py
INFO     : 2012-09-07 15:02:00,404 : main       : -rw-r--r--  1 massimodipierro  staff  4759 Sep  6 16:05 daemon.py
INFO     : 2012-09-07 15:02:00,404 : main       : -rw-r--r--  1 massimodipierro  staff  2759 Sep  7 15:01 fofo.py
INFO     : 2012-09-07 15:02:00,405 : main       : -rw-r--r--  1 massimodipierro  staff   723 Sep  7 13:43 fofo.py~
INFO     : 2012-09-07 15:02:00,405 : main       : -rw-r--r--  1 massimodipierro  staff    64 Sep  6 15:11 looping.py
INFO     : 2012-09-07 15:02:00,406 : main       : prw-r--r--  1 massimodipierro  staff     0 Sep  7 15:02 out_fifo
INFO     : 2012-09-07 15:02:00,408 : main       : -rw-r--r--  1 massimodipierro  staff  1218 Sep  6 15:11 process.py
INFO     : 2012-09-07 15:02:00,409 : main       : -rw-r--r--  1 massimodipierro  staff   475 Sep  6 09:32 read.py
INFO     : 2012-09-07 15:02:00,410 : main       : -rw-r--r--  1 massimodipierro  staff   581 Sep  7 15:02 runcmd.log
INFO     : 2012-09-07 15:02:00,410 : main       : drwxr-xr-x  3 massimodipierro  staff   102 Sep  6 16:04 t1
INFO     : 2012-09-07 15:02:00,411 : main       : -rw-r--r--  1 massimodipierro  staff   170 Aug 26 09:45 test1.py
INFO     : 2012-09-07 15:02:00,412 : main       : -rw-r--r--  1 massimodipierro  staff   270 Aug 26 10:43 test2.py
INFO     : 2012-09-07 15:02:00,412 : main       : -rw-r--r--  1 massimodipierro  staff  1434 Aug 28 18:51 test3.py
INFO     : 2012-09-07 15:02:00,413 : main       : -rw-r--r--  1 massimodipierro  staff   649 Aug 30 15:16 test7.py
INFO     : 2012-09-07 15:02:00,413 : main       : -rw-r--r--  1 massimodipierro  staff   507 Sep  2 16:41 test8.py
INFO     : 2012-09-07 15:02:00,414 : main       : -rw-r--r--  1 massimodipierro  staff   118 Aug 28 14:52 test_1.py
INFO     : 2012-09-07 15:02:00,414 : main       : -rw-r--r--  1 massimodipierro  staff   595 Aug 28 10:42 test_bruno.py
INFO     : 2012-09-07 15:02:00,415 : main       : -rw-r--r--  1 massimodipierro  staff   515 Aug 28 09:54 test_cache.py
INFO     : 2012-09-07 15:02:00,415 : main       : -rw-r--r--  1 massimodipierro  staff   304 Aug 28 14:19 test_dominc.py
INFO     : 2012-09-07 15:02:00,416 : main       : -rw-r--r--  1 massimodipierro  staff  2859 Aug 31 10:17 test_jim.py
INFO     : 2012-09-07 15:02:00,416 : main       : prw-r--r--  1 massimodipierro  staff     0 Sep  7 13:30 tmp.1
INFO     : 2012-09-07 15:02:05,411 : main       : hi!
