[2012-07-11 13:11:10] START
[2012-07-11 13:11:10] EDIT foomin/views/default/site.html: 3
[2012-07-11 13:12:19] EDIT foomin/views/default/site.html: 0
[2012-07-11 13:13:49] EDIT foomin/controllers/default.py: 1
[2012-07-11 13:15:02] EDIT foomin/views/default/site.html: 0
[2012-07-11 13:17:29] EDIT foomin/controllers/default.py: 0
[2012-07-11 13:27:00] EDIT foomin/controllers/default.py: 3
[2012-07-11 13:27:27] EDIT foomin/controllers/default.py: 0
[2012-07-11 13:30:48] EDIT foomin/controllers/default.py: 0
[2012-07-11 13:32:02] EDIT foomin/controllers/default.py: 0
[2012-07-11 14:19:47] EDIT foomin/controllers/default.py: 1
[2012-07-11 14:21:49] EDIT foomin/controllers/default.py: 0
[2012-07-14 12:33:16] EDIT foomin/views/default/site.html: 1
[2012-07-14 12:37:37] EDIT foomin/controllers/default.py: 0
[2012-07-14 12:40:16] EDIT foomin/controllers/default.py: 1
[2012-07-14 12:40:58] EDIT foomin/controllers/default.py: 0
[2012-07-14 13:15:37] EDIT foomin/controllers/default.py: 0
[2012-07-14 13:15:59] EDIT foomin/controllers/default.py: 0
[2012-07-14 13:25:48] EDIT foomin/controllers/default.py: 1
[2012-07-14 13:26:45] EDIT foomin/controllers/default.py: 0
[2012-07-14 13:29:51] EDIT foomin/controllers/default.py: 0
[2012-07-14 13:31:51] EDIT foomin/controllers/default.py: 0
[2012-07-14 13:35:44] EDIT foomin/views/default/site.html: 0
[2012-07-14 13:36:40] EDIT foomin/views/default/site.html: 0
[2012-07-14 13:39:14] EDIT foomin/controllers/default.py: 2
[2012-07-14 13:39:45] EDIT foomin/views/default/site.html: 0
[2012-07-14 13:43:31] EDIT foomin/views/default/site.html: 0
[2012-07-14 13:53:17] EDIT foomin/controllers/default.py: -4
[2012-07-14 13:56:22] EDIT foomin/controllers/default.py: -5
[2012-07-14 14:01:14] EDIT foomin/controllers/default.py: 0
[2012-07-14 14:01:58] EDIT foomin/views/default/site.html: 0
[2012-07-14 14:02:20] EDIT foomin/views/default/site.html: 0
[2012-07-14 14:06:22] EDIT foomin/controllers/default.py: 0
[2012-07-14 14:06:39] EDIT foomin/controllers/default.py: 0
[2012-07-14 14:07:38] EDIT foomin/views/default/site.html: -4
[2012-07-14 14:13:08] EDIT foomin/views/default/site.html: 3
[2012-07-14 14:13:42] EDIT foomin/views/default/site.html: 0
[2012-07-14 14:16:04] EDIT foomin/views/default/site.html: 1
[2012-07-14 14:24:23] EDIT foomin/views/default/site.html: 4
[2012-07-14 14:24:49] EDIT foomin/views/default/site.html: 0
[2012-07-14 14:35:49] EDIT foomin/views/default/site.html: 0
[2012-07-14 16:38:19] EDIT foomin/views/default/site.html: 20
[2012-07-14 17:13:44] EDIT foomin/views/default/site.html: 0
[2012-07-14 17:16:15] CREATE git.py: 0
[2012-07-14 17:16:43] EDIT foomin/controllers/git.py: 1
[2012-07-14 17:17:03] EDIT foomin/controllers/git.py: 1
[2012-07-14 17:17:25] EDIT foomin/controllers/git.py: 1
[2012-07-14 17:17:48] EDIT foomin/controllers/git.py: 0
[2012-07-14 17:18:04] EDIT foomin/controllers/git.py: 0
[2012-07-14 17:19:35] EDIT foomin/views/default/site.html: 0
[2012-07-14 17:31:36] EDIT foomin/views/default/site.html: 0
[2012-07-14 17:32:08] EDIT foomin/views/default/site.html: 0
[2012-07-14 17:36:47] EDIT foomin/controllers/default.py: 6
[2012-07-14 17:37:10] EDIT foomin/controllers/default.py: 1
[2012-07-14 17:40:28] EDIT foomin/views/default/site.html: 2
[2012-07-14 17:41:37] EDIT foomin/views/default/site.html: 1
[2012-07-14 17:43:31] EDIT foomin/views/default/site.html: 5
[2012-07-14 17:48:22] EDIT foomin/views/default/site.html: 0
[2012-07-14 17:53:23] EDIT foomin/views/default/site.html: 0
[2012-07-14 17:57:25] EDIT foomin/controllers/default.py: 0
[2012-07-14 18:06:30] EDIT foomin/controllers/default.py: 1
[2012-07-14 18:23:32] EDIT foomin/views/default/site.html: 0
[2012-07-14 18:25:05] EDIT foomin/views/default/site.html: 0
[2012-07-18 13:25:30] EDIT foomin/controllers/default.py: 2
[2012-07-18 13:25:46] EDIT foomin/controllers/default.py: 0
[2012-07-18 13:26:40] EDIT foomin/controllers/default.py: 2
[2012-07-18 13:27:41] EDIT foomin/controllers/default.py: 0
[2012-07-18 13:29:40] EDIT foomin/controllers/default.py: 0
[2012-07-18 13:35:23] EDIT foomin/controllers/default.py: 5
[2012-07-18 13:37:37] EDIT foomin/controllers/default.py: 6
[2012-07-18 13:38:12] EDIT foomin/controllers/default.py: -5
[2012-07-18 13:39:33] EDIT foomin/controllers/default.py: -1
[2012-07-18 14:00:37] EDIT foomin/controllers/default.py: 0
[2012-07-18 14:05:02] EDIT foomin/controllers/default.py: 2
[2012-07-18 14:05:11] EDIT foomin/controllers/default.py: 0
[2012-07-18 14:05:14] EDIT foomin/controllers/default.py: 0
[2012-07-18 14:11:47] EDIT foomin/controllers/default.py: 2
[2012-07-18 14:13:26] EDIT foomin/controllers/default.py: 0
[2012-07-18 14:28:08] EDIT foomin/controllers/default.py: 7
[2012-07-18 14:33:57] EDIT foomin/controllers/default.py: -2
[2012-07-18 14:36:43] EDIT foomin/controllers/default.py: 0
[2012-07-18 14:52:51] EDIT foomin/controllers/default.py: 0
[2012-07-18 14:53:13] EDIT foomin/controllers/default.py: 0
[2012-07-18 15:03:18] EDIT foomin/controllers/default.py: -2
[2012-07-18 15:04:18] EDIT foomin/controllers/default.py: -1
[2012-07-18 15:17:15] EDIT foomin/controllers/default.py: -1
[2012-07-18 15:23:18] EDIT foomin/controllers/default.py: 2
[2012-07-18 15:24:20] EDIT foomin/controllers/default.py: 0
[2012-07-18 15:25:26] EDIT foomin/controllers/default.py: 0
[2012-07-18 15:28:40] EDIT foomin/controllers/default.py: 3
[2012-07-18 15:31:28] EDIT foomin/controllers/default.py: 0
[2012-07-18 15:37:59] EDIT foomin/controllers/default.py: 1
[2012-07-18 15:39:28] EDIT foomin/controllers/default.py: 1
[2012-07-18 15:42:17] EDIT foomin/controllers/default.py: 1
[2012-07-18 15:43:10] EDIT foomin/controllers/default.py: 0
[2012-07-18 15:47:19] EDIT foomin/controllers/default.py: 0
[2012-07-18 15:54:53] EDIT foomin/controllers/default.py: -3
[2012-07-18 16:01:52] EDIT foomin/controllers/default.py: 3
[2012-07-18 16:02:21] EDIT foomin/views/default/site.html: 0
[2012-07-18 16:03:06] EDIT foomin/controllers/default.py: 0
[2012-07-18 16:10:39] EDIT foomin/controllers/default.py: 1
[2012-07-18 16:11:17] EDIT foomin/controllers/default.py: 0
[2012-07-18 16:12:41] DELETE foomin/controllers/git.py: -4
[2012-07-18 16:14:16] CREATE default/git_pull.html: 0
[2012-07-18 16:14:25] EDIT foomin/views/default/git_pull.html: 0
[2012-07-18 16:18:50] EDIT foomin/controllers/default.py: 9
[2012-07-18 16:19:31] EDIT foomin/views/default/site.html: 0
[2012-07-18 16:21:19] EDIT foomin/views/default/site.html: 0
[2012-07-18 16:21:38] EDIT foomin/views/default/site.html: 0
[2012-07-18 16:22:37] EDIT foomin/views/default/site.html: 0
[2012-07-18 16:23:03] EDIT foomin/views/default/site.html: 0
[2012-07-18 16:25:21] EDIT foomin/views/default/site.html: 0
[2012-07-18 16:26:25] EDIT foomin/controllers/default.py: -9
[2012-07-18 16:31:09] EDIT foomin/controllers/default.py: 0
[2012-07-18 16:31:53] EDIT foomin/controllers/default.py: 1
[2012-07-18 16:32:34] EDIT foomin/controllers/default.py: 0
[2012-07-18 16:33:11] EDIT foomin/controllers/default.py: 1
[2012-07-18 16:34:57] EDIT foomin/controllers/default.py: -1
[2012-07-18 16:35:42] EDIT foomin/controllers/default.py: 0
[2012-07-18 16:35:48] EDIT foomin/controllers/default.py: 0
[2012-07-18 16:37:13] EDIT foomin/controllers/default.py: 0
[2012-07-18 16:38:27] EDIT foomin/controllers/default.py: 1
[2012-07-18 16:39:37] EDIT foomin/controllers/default.py: -2
[2012-07-18 16:48:45] EDIT foomin/views/default/git_pull.html: 5
[2012-07-18 16:52:23] EDIT foomin/controllers/default.py: 5
[2012-07-18 16:53:11] EDIT foomin/controllers/default.py: 0
[2012-07-18 17:11:32] EDIT foomin/controllers/default.py: 1
[2012-07-18 17:26:00] EDIT foomin/controllers/default.py: 0
[2012-07-19 09:57:21] EDIT foomin/controllers/default.py: 0
[2012-07-19 10:01:58] EDIT foomin/controllers/default.py: 1
[2012-07-19 10:07:32] EDIT foomin/controllers/default.py: 0
[2012-07-19 10:08:13] EDIT foomin/controllers/default.py: 0
[2012-07-19 10:10:13] EDIT foomin/controllers/default.py: 0
[2012-07-19 10:12:56] EDIT foomin/controllers/default.py: 0
[2012-07-19 10:14:10] EDIT foomin/controllers/default.py: 0
[2012-07-19 10:14:33] EDIT foomin/controllers/default.py: 0
[2012-07-19 10:15:23] EDIT foomin/controllers/default.py: -1
[2012-07-19 12:04:45] EDIT foomin/controllers/default.py: 1
[2012-07-19 12:07:22] EDIT foomin/controllers/default.py: -1
[2012-07-19 12:12:11] EDIT foomin/controllers/default.py: 0
[2012-07-19 12:20:20] EDIT foomin/controllers/default.py: 0
[2012-07-19 14:11:42] EDIT foomin/controllers/default.py: 0
[2012-07-19 14:21:49] EDIT foomin/controllers/default.py: 0
[2012-07-19 14:29:29] EDIT foomin/controllers/default.py: 15
[2012-07-19 14:40:57] EDIT foomin/controllers/default.py: 0
[2012-07-19 14:53:25] EDIT foomin/controllers/default.py: 0
[2012-07-19 14:54:38] CREATE default/git_push.html: 0
[2012-07-19 14:55:02] EDIT foomin/views/default/git_push.html: 5
[2012-07-19 14:55:36] EDIT foomin/views/default/git_push.html: 0
[2012-07-19 14:56:13] EDIT foomin/controllers/default.py: 0
[2012-07-19 14:58:07] EDIT foomin/controllers/default.py: 1
[2012-07-19 15:00:05] EDIT foomin/controllers/default.py: 1
[2012-07-19 15:00:22] EDIT foomin/controllers/default.py: -1
[2012-07-19 15:08:20] EDIT foomin/controllers/default.py: 0
[2012-07-19 15:12:24] EDIT foomin/controllers/default.py: 0
[2012-07-19 15:13:20] EDIT foomin/controllers/default.py: 1
[2012-07-19 15:13:28] EDIT foomin/controllers/default.py: 0
[2012-07-19 15:13:54] EDIT foomin/controllers/default.py: 0
[2012-07-19 15:14:21] EDIT foomin/controllers/default.py: 0
[2012-07-19 15:29:51] EDIT foomin/controllers/default.py: 0
